Initializing the API...
API listening on port 3000
call of service to get map N0.svg
call of service to get map N2.svg
call of service to get map N1.svg
call of service to get map N3.svg
call of service to get map N4.svg
call of service to get map O4.svg
call of service to get map O3.svg
call of service to get map O2.svg
call of service to get map O1.svg
call of service to get KleeGroup.json
call of service to get map N0.svg
call of service to get map N2.svg
call of service to get map N1.svg
call of service to get map N4.svg
call of service to get map N3.svg
call of service to get map O4.svg
call of service to get map O3.svg
call of service to get map O2.svg
call of service to get map O1.svg
call of service to get KleeGroup.json
call of service to get KleeGroup.json
call of service to get KleeGroup.json
call of service to get KleeGroup.json
call of service to get KleeGroup.json
call of service to get KleeGroup.json
call of service to get KleeGroup.json
call of service to get KleeGroup.json
call of service to get KleeGroup.json
call of service to get KleeGroup.json
call of service to get KleeGroup.json
call of service to get KleeGroup.json
call of service to get KleeGroup.json
call of service to get KleeGroup.json
call of service to get KleeGroup.json
call of service to get KleeGroup.json
call of service to get KleeGroup.json
call of service to get KleeGroup.json
call of service to get map N0.svg
call of service to get map N1.svg
call of service to get map N2.svg
call of service to get map N3.svg
call of service to get map N4.svg
call of service to get map O4.svg
call of service to get map O3.svg
call of service to get map O2.svg
call of service to get map O1.svg
call of service to get KleeGroup.json
call of service to get map N0.svg
call of service to get map N1.svg
call of service to get map N4.svg
call of service to get map O4.svg
call of service to get map N3.svg
call of service to get map O3.svg
call of service to get map N2.svg
call of service to get map O2.svg
call of service to get map O1.svg
call of service to get KleeGroup.json
call of service to get KleeGroup.json
call of service to get KleeGroup.json
call of service to get KleeGroup.json
call of service to get KleeGroup.json
call of service to get KleeGroup.json
call of service to get KleeGroup.json
call of service to get KleeGroup.json
call of service to get KleeGroup.json
call of service to get KleeGroup.json
call of service to get KleeGroup.json
call of service to get KleeGroup.json
call of service to get KleeGroup.json
call of service to get KleeGroup.json
call of service to get KleeGroup.json
call of service to get KleeGroup.json
call of service to get KleeGroup.json
call of service to get KleeGroup.json
call of service to get map N0.svg
call of service to get map N1.svg
call of service to get map N2.svg
call of service to get map N3.svg
call of service to get map N4.svg
call of service to get map O4.svg
call of service to get map O3.svg
call of service to get map O2.svg
call of service to get map O1.svg
call of service to get KleeGroup.json
call of service to get map N0.svg
call of service to get map N1.svg
call of service to get map N2.svg
call of service to get map N3.svg
call of service to get map N4.svg
call of service to get map O4.svg
call of service to get map O3.svg
call of service to get map O2.svg
call of service to get map O1.svg
call of service to get KleeGroup.json
call of service to get KleeGroup.json
call of service to get KleeGroup.json
call of service to get KleeGroup.json
call of service to get KleeGroup.json
call of service to get KleeGroup.json
call of service to get KleeGroup.json
call of service to get KleeGroup.json
call of service to get KleeGroup.json
call of service to get KleeGroup.json
call of service to get KleeGroup.json
call of service to get KleeGroup.json
call of service to get KleeGroup.json
call of service to get KleeGroup.json
call of service to get KleeGroup.json
call of service to get KleeGroup.json
call of service to get KleeGroup.json
call of service to get KleeGroup.json
call of service to get map N0.svg
call of service to get map N1.svg
call of service to get map N2.svg
call of service to get map N3.svg
call of service to get map N4.svg
call of service to get map O4.svg
call of service to get map O3.svg
call of service to get map O2.svg
call of service to get map O1.svg
call of service to get KleeGroup.json
call of service to get map N0.svg
call of service to get map N1.svg
call of service to get map N2.svg
call of service to get map N3.svg
call of service to get map N4.svg
call of service to get map O4.svg
call of service to get map O3.svg
call of service to get map O2.svg
call of service to get map O1.svg
call of service to get KleeGroup.json
call of service to get KleeGroup.json
call of service to get KleeGroup.json
call of service to get KleeGroup.json
call of service to get KleeGroup.json
call of service to get KleeGroup.json
call of service to get KleeGroup.json
call of service to get KleeGroup.json
call of service to get KleeGroup.json
call of service to get KleeGroup.json
call of service to get KleeGroup.json
call of service to get KleeGroup.json
call of service to get KleeGroup.json
call of service to get KleeGroup.json
call of service to get KleeGroup.json
call of service to get KleeGroup.json
call of service to get KleeGroup.json
call of service to get KleeGroup.json
call of service to get map N0.svg
call of service to get map N1.svg
call of service to get map N2.svg
call of service to get map N3.svg
call of service to get map N4.svg
call of service to get map O4.svg
call of service to get map O3.svg
call of service to get map O2.svg
call of service to get map O1.svg
call of service to get KleeGroup.json
call of service to get map N0.svg
call of service to get map N1.svg
call of service to get map N2.svg
call of service to get map N3.svg
call of service to get map N4.svg
call of service to get map O4.svg
call of service to get map O3.svg
call of service to get map O2.svg
call of service to get map O1.svg
call of service to get KleeGroup.json
call of service to get KleeGroup.json
call of service to get KleeGroup.json
call of service to get KleeGroup.json
call of service to get KleeGroup.json
call of service to get KleeGroup.json
call of service to get KleeGroup.json
call of service to get KleeGroup.json
call of service to get KleeGroup.json
call of service to get KleeGroup.json
call of service to get KleeGroup.json
call of service to get KleeGroup.json
call of service to get KleeGroup.json
call of service to get KleeGroup.json
call of service to get KleeGroup.json
call of service to get KleeGroup.json
call of service to get KleeGroup.json
call of service to get KleeGroup.json
call of service to get map N0.svg
call of service to get map N1.svg
call of service to get map N2.svg
call of service to get map N3.svg
call of service to get map N4.svg
call of service to get map O4.svg
call of service to get map O3.svg
call of service to get map O2.svg
call of service to get map O1.svg
call of service to get KleeGroup.json
call of service to get map N0.svg
call of service to get map N1.svg
call of service to get map N2.svg
call of service to get map N3.svg
call of service to get map N4.svg
call of service to get map O4.svg
call of service to get map O3.svg
call of service to get map O2.svg
call of service to get map O1.svg
call of service to get KleeGroup.json
call of service to get KleeGroup.json
call of service to get KleeGroup.json
call of service to get KleeGroup.json
call of service to get KleeGroup.json
call of service to get KleeGroup.json
call of service to get KleeGroup.json
call of service to get KleeGroup.json
call of service to get KleeGroup.json
call of service to get KleeGroup.json
call of service to get KleeGroup.json
call of service to get KleeGroup.json
call of service to get KleeGroup.json
call of service to get KleeGroup.json
call of service to get KleeGroup.json
call of service to get KleeGroup.json
call of service to get KleeGroup.json
call of service to get KleeGroup.json
call of service to get map N0.svg
call of service to get map N1.svg
call of service to get map N2.svg
call of service to get map N3.svg
call of service to get map N4.svg
call of service to get map O4.svg
call of service to get map O3.svg
call of service to get map O2.svg
call of service to get map O1.svg
call of service to get KleeGroup.json
call of service to get map N0.svg
call of service to get map N1.svg
call of service to get map N2.svg
call of service to get map N3.svg
call of service to get map N4.svg
call of service to get map O4.svg
call of service to get map O3.svg
call of service to get map O2.svg
call of service to get map O1.svg
call of service to get KleeGroup.json
call of service to get KleeGroup.json
call of service to get KleeGroup.json
call of service to get KleeGroup.json
call of service to get KleeGroup.json
call of service to get KleeGroup.json
call of service to get KleeGroup.json
call of service to get KleeGroup.json
call of service to get KleeGroup.json
call of service to get KleeGroup.json
call of service to get KleeGroup.json
call of service to get KleeGroup.json
call of service to get KleeGroup.json
call of service to get KleeGroup.json
call of service to get KleeGroup.json
call of service to get KleeGroup.json
call of service to get KleeGroup.json
call of service to get KleeGroup.json
call of service to get map N0.svg
call of service to get map N1.svg
call of service to get map N2.svg
call of service to get map N3.svg
call of service to get map N4.svg
call of service to get map O4.svg
call of service to get map O3.svg
call of service to get map O2.svg
call of service to get map O1.svg
call of service to get KleeGroup.json
call of service to get map N0.svg
call of service to get map N1.svg
call of service to get map N2.svg
call of service to get map N3.svg
call of service to get map N4.svg
call of service to get map O4.svg
call of service to get map O3.svg
call of service to get map O2.svg
call of service to get map O1.svg
call of service to get KleeGroup.json
call of service to get KleeGroup.json
call of service to get KleeGroup.json
call of service to get KleeGroup.json
call of service to get KleeGroup.json
call of service to get KleeGroup.json
call of service to get KleeGroup.json
call of service to get KleeGroup.json
call of service to get KleeGroup.json
call of service to get KleeGroup.json
call of service to get KleeGroup.json
call of service to get KleeGroup.json
call of service to get KleeGroup.json
call of service to get KleeGroup.json
call of service to get KleeGroup.json
call of service to get KleeGroup.json
call of service to get KleeGroup.json
call of service to get KleeGroup.json
call of service to get map N0.svg
call of service to get map N1.svg
call of service to get map N2.svg
call of service to get map N3.svg
call of service to get map N4.svg
call of service to get map O4.svg
call of service to get map O3.svg
call of service to get map O2.svg
call of service to get map O1.svg
call of service to get KleeGroup.json
call of service to get map N0.svg
call of service to get map N1.svg
call of service to get map N2.svg
call of service to get map N3.svg
call of service to get map N4.svg
call of service to get map O4.svg
call of service to get map O3.svg
call of service to get map O2.svg
call of service to get map O1.svg
call of service to get KleeGroup.json
call of service to get KleeGroup.json
call of service to get KleeGroup.json
call of service to get KleeGroup.json
call of service to get KleeGroup.json
call of service to get KleeGroup.json
call of service to get KleeGroup.json
call of service to get KleeGroup.json
call of service to get KleeGroup.json
call of service to get KleeGroup.json
call of service to get KleeGroup.json
call of service to get KleeGroup.json
call of service to get KleeGroup.json
call of service to get KleeGroup.json
call of service to get KleeGroup.json
call of service to get KleeGroup.json
call of service to get KleeGroup.json
call of service to get KleeGroup.json
call of service to get map N0.svg
call of service to get map N1.svg
call of service to get map N2.svg
call of service to get map N3.svg
call of service to get map N4.svg
call of service to get map O4.svg
call of service to get map O3.svg
call of service to get map O2.svg
call of service to get map O1.svg
call of service to get KleeGroup.json
call of service to get map N0.svg
call of service to get map N1.svg
call of service to get map N2.svg
call of service to get map N3.svg
call of service to get map N4.svg
call of service to get map O4.svg
call of service to get map O3.svg
call of service to get map O2.svg
call of service to get map O1.svg
call of service to get KleeGroup.json
call of service to get KleeGroup.json
call of service to get KleeGroup.json
call of service to get KleeGroup.json
call of service to get KleeGroup.json
call of service to get KleeGroup.json
call of service to get KleeGroup.json
call of service to get KleeGroup.json
call of service to get KleeGroup.json
call of service to get KleeGroup.json
call of service to get KleeGroup.json
call of service to get KleeGroup.json
call of service to get KleeGroup.json
call of service to get KleeGroup.json
call of service to get KleeGroup.json
call of service to get KleeGroup.json
call of service to get KleeGroup.json
call of service to get KleeGroup.json
call of service to get map N0.svg
call of service to get map N1.svg
call of service to get map N2.svg
call of service to get map N3.svg
call of service to get map N4.svg
call of service to get map O4.svg
call of service to get map O3.svg
call of service to get map O2.svg
call of service to get map O1.svg
call of service to get KleeGroup.json
call of service to get map N0.svg
call of service to get map N1.svg
call of service to get map N2.svg
call of service to get map N3.svg
call of service to get map N4.svg
call of service to get map O4.svg
call of service to get map O3.svg
call of service to get map O2.svg
call of service to get map O1.svg
call of service to get KleeGroup.json
call of service to get KleeGroup.json
call of service to get KleeGroup.json
call of service to get KleeGroup.json
call of service to get KleeGroup.json
call of service to get KleeGroup.json
call of service to get KleeGroup.json
call of service to get KleeGroup.json
call of service to get KleeGroup.json
call of service to get KleeGroup.json
call of service to get KleeGroup.json
call of service to get KleeGroup.json
call of service to get KleeGroup.json
call of service to get KleeGroup.json
call of service to get KleeGroup.json
call of service to get KleeGroup.json
call of service to get KleeGroup.json
call of service to get KleeGroup.json
call of service to get map N0.svg
call of service to get map N2.svg
call of service to get map N1.svg
call of service to get map N3.svg
call of service to get map N4.svg
call of service to get map O4.svg
call of service to get map O3.svg
call of service to get map O2.svg
call of service to get map O1.svg
call of service to get KleeGroup.json
call of service to get map N0.svg
call of service to get map N1.svg
call of service to get map N2.svg
call of service to get map N3.svg
call of service to get map N4.svg
call of service to get map O4.svg
call of service to get map O3.svg
call of service to get map O2.svg
call of service to get map O1.svg
call of service to get KleeGroup.json
call of service to get KleeGroup.json
call of service to get KleeGroup.json
call of service to get KleeGroup.json
call of service to get KleeGroup.json
call of service to get KleeGroup.json
call of service to get KleeGroup.json
call of service to get KleeGroup.json
call of service to get KleeGroup.json
call of service to get KleeGroup.json
call of service to get KleeGroup.json
call of service to get KleeGroup.json
call of service to get KleeGroup.json
call of service to get KleeGroup.json
call of service to get KleeGroup.json
call of service to get KleeGroup.json
call of service to get KleeGroup.json
call of service to get KleeGroup.json
call of service to get map N0.svg
call of service to get map N1.svg
call of service to get map N2.svg
call of service to get map N3.svg
call of service to get map N4.svg
call of service to get map O4.svg
call of service to get map O3.svg
call of service to get map O2.svg
call of service to get map O1.svg
call of service to get KleeGroup.json
call of service to get map N0.svg
call of service to get map N1.svg
call of service to get map N2.svg
call of service to get map N4.svg
call of service to get map O4.svg
call of service to get map N3.svg
call of service to get map O3.svg
call of service to get map O2.svg
call of service to get map O1.svg
call of service to get KleeGroup.json
call of service to get KleeGroup.json
call of service to get KleeGroup.json
call of service to get KleeGroup.json
call of service to get KleeGroup.json
call of service to get KleeGroup.json
call of service to get KleeGroup.json
call of service to get KleeGroup.json
call of service to get KleeGroup.json
call of service to get KleeGroup.json
call of service to get KleeGroup.json
call of service to get KleeGroup.json
call of service to get KleeGroup.json
call of service to get KleeGroup.json
call of service to get KleeGroup.json
call of service to get KleeGroup.json
call of service to get KleeGroup.json
call of service to get KleeGroup.json
